TN:
SF:middleware\errorHandler.js
FN:10,(anonymous_0)
FNF:1
FNH:1
FNDA:35,(anonymous_0)
DA:8,9
DA:10,9
DA:12,35
DA:13,35
DA:14,35
DA:15,35
DA:16,35
DA:17,34
DA:19,35
DA:22,35
DA:23,26
DA:27,9
DA:28,2
DA:38,7
DA:39,1
DA:48,6
DA:49,6
DA:53,6
DA:62,9
LF:19
LH:19
BRDA:16,0,0,34
BRDA:16,0,1,1
BRDA:22,1,0,26
BRDA:22,1,1,9
BRDA:27,2,0,2
BRDA:27,2,1,7
BRDA:32,3,0,2
BRDA:32,3,1,1
BRDA:38,4,0,1
BRDA:38,4,1,6
BRDA:38,5,0,7
BRDA:38,5,1,1
BRDA:38,5,2,1
BRDA:48,6,0,6
BRDA:48,6,1,5
BRDA:49,7,0,1
BRDA:49,7,1,5
BRDA:58,8,0,6
BRDA:58,8,1,5
BRF:19
BRH:19
end_of_record
TN:
SF:middleware\validation.js
FN:12,(anonymous_0)
FN:27,(anonymous_1)
FN:43,(anonymous_2)
FN:61,(anonymous_3)
FN:76,(anonymous_4)
FN:77,(anonymous_5)
FNF:6
FNH:6
FNDA:8,(anonymous_0)
FNDA:66,(anonymous_1)
FNDA:31,(anonymous_2)
FNDA:21,(anonymous_3)
FNDA:4,(anonymous_4)
FNDA:4,(anonymous_5)
DA:7,9
DA:12,9
DA:13,8
DA:14,5
DA:21,3
DA:27,9
DA:28,66
DA:29,3
DA:37,63
DA:43,9
DA:44,31
DA:45,31
DA:47,31
DA:48,5
DA:55,26
DA:61,9
DA:62,21
DA:63,2
DA:70,19
DA:76,9
DA:77,4
DA:78,4
DA:79,4
DA:80,3
DA:82,3
DA:84,1
DA:89,9
LF:27
LH:27
BRDA:13,0,0,5
BRDA:13,0,1,3
BRDA:13,1,0,8
BRDA:13,1,1,5
BRDA:13,1,2,4
BRDA:28,2,0,3
BRDA:28,2,1,63
BRDA:28,3,0,66
BRDA:28,3,1,66
BRDA:45,4,0,31
BRDA:45,4,1,2
BRDA:47,5,0,5
BRDA:47,5,1,26
BRDA:62,6,0,2
BRDA:62,6,1,19
BRDA:62,7,0,21
BRDA:62,7,1,21
BRDA:76,8,0,1
BRDA:76,9,0,3
BRF:19
BRH:19
end_of_record
TN:
SF:routes\audios.js
FN:16,(anonymous_0)
FN:39,(anonymous_1)
FNF:2
FNH:2
FNDA:10,(anonymous_0)
FNDA:2,(anonymous_1)
DA:7,9
DA:8,9
DA:9,9
DA:10,9
DA:16,9
DA:17,10
DA:18,10
DA:19,10
DA:21,8
DA:23,8
DA:31,2
DA:39,9
DA:40,2
DA:41,2
DA:42,2
DA:43,2
DA:45,2
DA:47,1
DA:55,1
DA:59,9
LF:20
LH:20
BRF:0
BRH:0
end_of_record
TN:
SF:routes\aventuras.js
FN:16,(anonymous_0)
FN:27,(anonymous_1)
FN:45,(anonymous_2)
FN:63,(anonymous_3)
FNF:4
FNH:4
FNDA:4,(anonymous_0)
FNDA:14,(anonymous_1)
FNDA:8,(anonymous_2)
FNDA:4,(anonymous_3)
DA:7,9
DA:8,9
DA:9,9
DA:10,9
DA:16,9
DA:17,4
DA:18,4
DA:19,4
DA:21,4
DA:22,3
DA:24,3
DA:26,3
DA:27,14
DA:30,3
DA:37,1
DA:45,9
DA:46,8
DA:47,8
DA:48,5
DA:50,4
DA:55,4
DA:63,9
DA:64,4
DA:65,4
DA:66,4
DA:68,4
DA:70,3
DA:77,1
DA:81,9
LF:29
LH:29
BRDA:19,0,0,4
BRDA:19,0,1,3
BRDA:26,1,0,2
BRDA:26,1,1,1
BRDA:66,2,0,1
BRDA:66,2,1,3
BRF:6
BRH:6
end_of_record
TN:
SF:routes\coordenadas.js
FN:16,(anonymous_0)
FN:24,(anonymous_1)
FN:42,(anonymous_2)
FN:63,(anonymous_3)
FN:84,(anonymous_4)
FN:93,(anonymous_5)
FN:94,(anonymous_6)
FNF:7
FNH:7
FNDA:5,(anonymous_0)
FNDA:120,(anonymous_1)
FNDA:6,(anonymous_2)
FNDA:5,(anonymous_3)
FNDA:4,(anonymous_4)
FNDA:62,(anonymous_5)
FNDA:66,(anonymous_6)
DA:7,9
DA:8,9
DA:9,9
DA:10,9
DA:16,9
DA:17,5
DA:18,5
DA:19,5
DA:21,5
DA:23,4
DA:24,120
DA:27,4
DA:34,1
DA:42,9
DA:43,6
DA:44,6
DA:45,6
DA:47,4
DA:49,2
DA:55,4
DA:63,9
DA:64,5
DA:65,5
DA:66,5
DA:68,5
DA:70,3
DA:76,2
DA:84,9
DA:85,4
DA:86,4
DA:87,4
DA:88,4
DA:90,4
DA:93,62
DA:94,66
DA:96,3
DA:97,2
DA:104,1
DA:105,1
DA:106,1
DA:108,1
DA:117,1
DA:121,9
LF:43
LH:43
BRDA:23,0,0,2
BRDA:23,0,1,2
BRDA:96,1,0,2
BRDA:96,1,1,1
BRDA:96,2,0,3
BRDA:96,2,1,2
BRF:6
BRH:6
end_of_record
TN:
SF:routes\health.js
FN:14,(anonymous_0)
FN:51,(anonymous_1)
FNF:2
FNH:2
FNDA:1,(anonymous_0)
FNDA:1,(anonymous_1)
DA:7,9
DA:8,9
DA:14,9
DA:15,1
DA:51,9
DA:52,1
DA:55,9
LF:7
LH:7
BRF:0
BRH:0
end_of_record
TN:
SF:routes\puzzles.js
FN:17,(anonymous_0)
FN:34,(anonymous_1)
FN:55,(anonymous_2)
FNF:3
FNH:3
FNDA:3,(anonymous_0)
FNDA:3,(anonymous_1)
FNDA:3,(anonymous_2)
DA:7,9
DA:8,9
DA:9,9
DA:10,9
DA:17,9
DA:18,3
DA:19,3
DA:21,2
DA:26,1
DA:34,9
DA:35,3
DA:36,3
DA:38,3
DA:40,2
DA:47,1
DA:55,9
DA:56,3
DA:57,3
DA:58,3
DA:60,3
DA:61,1
DA:69,2
DA:71,1
DA:77,1
DA:81,9
LF:25
LH:25
BRDA:60,0,0,1
BRDA:60,0,1,2
BRDA:60,1,0,3
BRDA:60,1,1,3
BRF:4
BRH:4
end_of_record
TN:
SF:routes\retos.js
FN:17,(anonymous_0)
FN:25,(anonymous_1)
FN:47,(anonymous_2)
FN:81,(anonymous_3)
FNF:4
FNH:4
FNDA:4,(anonymous_0)
FNDA:84,(anonymous_1)
FNDA:3,(anonymous_2)
FNDA:9,(anonymous_3)
DA:7,9
DA:8,9
DA:9,9
DA:10,9
DA:11,9
DA:17,9
DA:18,4
DA:19,4
DA:20,4
DA:22,3
DA:25,3
DA:26,84
DA:27,84
DA:28,84
DA:31,3
DA:39,1
DA:47,9
DA:48,3
DA:49,3
DA:50,3
DA:51,3
DA:53,3
DA:54,1
DA:62,2
DA:64,1
DA:71,2
DA:81,9
DA:82,9
DA:83,9
DA:84,9
DA:85,9
DA:87,9
DA:88,1
DA:96,8
DA:98,8
DA:99,1
DA:107,7
DA:114,6
DA:119,3
DA:123,9
LF:40
LH:40
BRDA:53,0,0,1
BRDA:53,0,1,2
BRDA:53,1,0,3
BRDA:53,1,1,3
BRDA:87,2,0,1
BRDA:87,2,1,8
BRDA:87,3,0,9
BRDA:87,3,1,9
BRDA:98,4,0,1
BRDA:98,4,1,7
BRDA:98,5,0,8
BRDA:98,5,1,7
BRF:12
BRH:12
end_of_record
TN:
SF:services\dataService.js
FN:16,(anonymous_0)
FN:32,(anonymous_1)
FN:48,(anonymous_2)
FN:62,(anonymous_3)
FN:73,(anonymous_4)
FN:82,(anonymous_5)
FN:86,(anonymous_6)
FN:90,(anonymous_7)
FN:106,(anonymous_8)
FN:108,(anonymous_9)
FN:115,(anonymous_10)
FN:133,(anonymous_11)
FN:135,(anonymous_12)
FN:149,(anonymous_13)
FN:151,(anonymous_14)
FN:169,(anonymous_15)
FN:196,(anonymous_16)
FN:200,(anonymous_17)
FN:218,(anonymous_18)
FN:245,(anonymous_19)
FN:247,(anonymous_20)
FN:265,(anonymous_21)
FN:267,(anonymous_22)
FN:286,(anonymous_23)
FN:287,(anonymous_24)
FN:288,(anonymous_25)
FN:294,(anonymous_26)
FN:313,(anonymous_27)
FN:331,(anonymous_28)
FN:333,(anonymous_29)
FN:351,(anonymous_30)
FN:367,(anonymous_31)
FNF:32
FNH:32
FNDA:10,(anonymous_0)
FNDA:16,(anonymous_1)
FNDA:77,(anonymous_2)
FNDA:2,(anonymous_3)
FNDA:1,(anonymous_4)
FNDA:16,(anonymous_5)
FNDA:5,(anonymous_6)
FNDA:11,(anonymous_7)
FNDA:1,(anonymous_8)
FNDA:7,(anonymous_9)
FNDA:26,(anonymous_10)
FNDA:4,(anonymous_11)
FNDA:62,(anonymous_12)
FNDA:6,(anonymous_13)
FNDA:126,(anonymous_14)
FNDA:18,(anonymous_15)
FNDA:2,(anonymous_16)
FNDA:63,(anonymous_17)
FNDA:26,(anonymous_18)
FNDA:2,(anonymous_19)
FNDA:29,(anonymous_20)
FNDA:13,(anonymous_21)
FNDA:110,(anonymous_22)
FNDA:3,(anonymous_23)
FNDA:4,(anonymous_24)
FNDA:4,(anonymous_25)
FNDA:6,(anonymous_26)
FNDA:14,(anonymous_27)
FNDA:2,(anonymous_28)
FNDA:4,(anonymous_29)
FNDA:6,(anonymous_30)
FNDA:112,(anonymous_31)
DA:8,10
DA:9,10
DA:10,10
DA:17,10
DA:25,10
DA:26,10
DA:33,16
DA:34,16
DA:35,15
DA:36,15
DA:37,15
DA:38,15
DA:39,15
DA:40,15
DA:42,1
DA:44,1
DA:49,77
DA:50,77
DA:51,76
DA:53,76
DA:54,1
DA:56,76
DA:58,1
DA:59,1
DA:63,2
DA:64,2
DA:65,2
DA:66,2
DA:67,2
DA:74,1
DA:75,1
DA:83,16
DA:87,5
DA:91,11
DA:92,11
DA:94,11
DA:95,1
DA:103,10
DA:107,1
DA:108,7
DA:116,26
DA:117,26
DA:119,26
DA:120,6
DA:129,20
DA:130,20
DA:134,4
DA:135,62
DA:137,3
DA:138,1
DA:146,2
DA:150,6
DA:151,126
DA:153,5
DA:154,2
DA:162,3
DA:170,18
DA:171,18
DA:173,18
DA:174,2
DA:182,16
DA:184,16
DA:185,2
DA:193,14
DA:197,2
DA:199,2
DA:200,63
DA:202,2
DA:203,1
DA:211,1
DA:219,26
DA:220,26
DA:222,26
DA:223,2
DA:231,24
DA:233,24
DA:234,2
DA:242,22
DA:246,2
DA:247,29
DA:249,2
DA:250,1
DA:259,1
DA:260,1
DA:262,1
DA:266,13
DA:267,110
DA:269,13
DA:270,2
DA:278,11
DA:280,11
DA:282,2
DA:283,9
DA:285,3
DA:286,3
DA:287,4
DA:288,4
DA:293,6
DA:294,6
DA:295,6
DA:299,11
DA:314,14
DA:315,14
DA:317,14
DA:318,3
DA:327,11
DA:328,11
DA:332,2
DA:333,4
DA:335,2
DA:336,1
DA:344,1
DA:352,6
DA:354,6
DA:355,2
DA:363,4
DA:368,112
DA:369,112
DA:370,112
DA:378,10
DA:380,10
LF:121
LH:121
BRDA:50,0,0,76
BRDA:50,0,1,1
BRDA:53,1,0,1
BRDA:53,1,1,75
BRDA:83,2,0,16
BRDA:83,2,1,1
BRDA:87,3,0,5
BRDA:87,3,1,1
BRDA:94,4,0,1
BRDA:94,4,1,10
BRDA:116,5,0,26
BRDA:116,5,1,1
BRDA:119,6,0,6
BRDA:119,6,1,20
BRDA:130,7,0,20
BRDA:130,7,1,1
BRDA:137,8,0,1
BRDA:137,8,1,2
BRDA:151,9,0,126
BRDA:151,9,1,3
BRDA:153,10,0,2
BRDA:153,10,1,3
BRDA:170,11,0,18
BRDA:170,11,1,1
BRDA:173,12,0,2
BRDA:173,12,1,16
BRDA:184,13,0,2
BRDA:184,13,1,14
BRDA:202,14,0,1
BRDA:202,14,1,1
BRDA:219,15,0,26
BRDA:219,15,1,1
BRDA:222,16,0,2
BRDA:222,16,1,24
BRDA:233,17,0,2
BRDA:233,17,1,22
BRDA:249,18,0,1
BRDA:249,18,1,1
BRDA:269,19,0,2
BRDA:269,19,1,11
BRDA:280,20,0,2
BRDA:280,20,1,9
BRDA:283,21,0,3
BRDA:283,21,1,6
BRDA:285,22,0,2
BRDA:285,22,1,1
BRDA:288,23,0,2
BRDA:288,23,1,1
BRDA:303,24,0,11
BRDA:303,24,1,10
BRDA:303,24,2,5
BRDA:314,25,0,14
BRDA:314,25,1,1
BRDA:317,26,0,3
BRDA:317,26,1,11
BRDA:328,27,0,11
BRDA:328,27,1,1
BRDA:335,28,0,1
BRDA:335,28,1,1
BRDA:351,29,0,1
BRDA:354,30,0,2
BRDA:354,30,1,4
BRF:62
BRH:62
end_of_record
TN:
SF:utils\ApiError.js
FN:9,(anonymous_0)
FN:20,(anonymous_1)
FN:36,(anonymous_2)
FNF:3
FNH:3
FNDA:56,(anonymous_0)
FNDA:8,(anonymous_1)
FNDA:28,(anonymous_2)
DA:10,56
DA:11,56
DA:12,56
DA:13,56
DA:14,56
DA:15,56
DA:17,56
DA:21,8
DA:33,8
DA:37,28
DA:50,10
DA:88,10
LF:12
LH:12
BRDA:9,0,0,8
BRDA:9,1,0,8
BRDA:12,2,0,56
BRDA:12,2,1,8
BRDA:33,3,0,8
BRDA:33,3,1,1
BRDA:42,4,0,28
BRDA:42,4,1,26
BRF:8
BRH:8
end_of_record
